<?xml version="1.0" encoding="UTF-8"?>
<!-- Generated by org.testng.reporters.JUnitReportReporter -->
<testsuite skipped="1" hostname="MacBook-Pro-mac" name="tests.SwitchesTest" tests="1" failures="0" timestamp="2020-03-05T14:17:10 EET" time="0.000" errors="0">
  <testcase name="switchesTest" time="0.000" classname="tests.SwitchesTest">
    <skipped/>
  </testcase> <!-- switchesTest -->
</testsuite> <!-- tests.SwitchesTest -->
