<?xml version="1.0" encoding="UTF-8"?>
<!-- Generated by org.testng.reporters.JUnitReportReporter -->
<testsuite skipped="2" hostname="MacBook-Pro-mac" name="tests.ScreenTest" tests="2" failures="0" timestamp="2020-03-05T14:17:10 EET" time="0.000" errors="0">
  <testcase name="DatePickerTest" time="0.000" classname="tests.ScreenTest">
    <skipped/>
  </testcase> <!-- DatePickerTest -->
  <testcase name="ButtonsTest" time="0.000" classname="tests.ScreenTest">
    <skipped/>
  </testcase> <!-- ButtonsTest -->
</testsuite> <!-- tests.ScreenTest -->
