<?xml version="1.0" encoding="UTF-8"?>
<!-- Generated by org.testng.reporters.JUnitReportReporter -->
<testsuite skipped="2" hostname="MacBook-Pro-mac" name="tests.ScrollTest$ScreenTest" tests="2" failures="0" timestamp="2020-03-05T14:17:10 EET" time="0.000" errors="0">
  <testcase name="scrollTest" time="0.000" classname="tests.ScrollTest$ScreenTest">
    <skipped/>
  </testcase> <!-- scrollTest -->
  <testcase name="textTest" time="0.000" classname="tests.ScrollTest$ScreenTest">
    <skipped/>
  </testcase> <!-- textTest -->
</testsuite> <!-- tests.ScrollTest$ScreenTest -->
