<?xml version="1.0" encoding="UTF-8"?>
<!-- Generated by org.testng.reporters.JUnitReportReporter -->
<testsuite skipped="2" hostname="MacBook-Pro-mac" name="tests.SlidersTest" tests="2" failures="0" timestamp="2020-03-05T14:17:10 EET" time="0.000" errors="0">
  <testcase name="SliderTest" time="0.000" classname="tests.SlidersTest">
    <skipped/>
  </testcase> <!-- SliderTest -->
  <testcase name="SliderTest2" time="0.000" classname="tests.SlidersTest">
    <skipped/>
  </testcase> <!-- SliderTest2 -->
</testsuite> <!-- tests.SlidersTest -->
